<?xml version="1.0" encoding="UTF-8"?>
<!-- Generated by org.testng.reporters.JUnitXMLReporter -->
<testsuite hostname="DESKTOP-FPS6ST8" ignored="0" name="Parametized Login" tests="2" failures="0" timestamp="2021-08-10T14:26:21 GET" time="0.06" errors="0">
  <testcase name="@BeforeTest initializebrowser" time="0.007" classname="TestCases.LogInParametizedDataProvider">
    <failure type="java.lang.NullPointerException">
      <![CDATA[java.lang.NullPointerException
at resources.Helper.initializeDriver(Helper.java:44)
at TestCases.LogInParametizedDataProvider.initializebrowser(LogInParametizedDataProvider.java:19)
at java.util.concurrent.FutureTask.run(FutureTask.java:266)
at java.util.concurrent.ThreadPoolExecutor.runWorker(ThreadPoolExecutor.java:1149)
at java.util.concurrent.ThreadPoolExecutor$Worker.run(ThreadPoolExecutor.java:624)
at java.lang.Thread.run(Thread.java:748)
... Removed 15 stack frames]]>
    </failure>
  </testcase> <!-- @BeforeTest initializebrowser -->
  <testcase name="@BeforeTest initializebrowser" time="0.007" classname="TestCases.LogIn">
    <failure type="java.lang.NullPointerException">
      <![CDATA[java.lang.NullPointerException
at resources.Helper.initializeDriver(Helper.java:44)
at TestCases.LogIn.initializebrowser(LogIn.java:25)
at java.util.concurrent.FutureTask.run(FutureTask.java:266)
at java.util.concurrent.ThreadPoolExecutor.runWorker(ThreadPoolExecutor.java:1149)
at java.util.concurrent.ThreadPoolExecutor$Worker.run(ThreadPoolExecutor.java:624)
at java.lang.Thread.run(Thread.java:748)
... Removed 15 stack frames]]>
    </failure>
  </testcase> <!-- @BeforeTest initializebrowser -->
  <testcase name="@AfterTest testEnd" time="-1.628591181125E9" classname="TestCases.LogIn">
    <skipped/>
  </testcase> <!-- @AfterTest testEnd -->
  <testcase name="@AfterTest testEnd" time="-1.628591181125E9" classname="TestCases.LogInParametizedDataProvider">
    <skipped/>
  </testcase> <!-- @AfterTest testEnd -->
  <testcase name="LogInPageParametize" time="0.0" classname="TestCases.LogInParametizedDataProvider">
    <skipped/>
  </testcase> <!-- LogInPageParametize -->
  <testcase name="LogInPageParametize" time="0.0" classname="TestCases.LogInParametizedDataProvider">
    <skipped/>
  </testcase> <!-- LogInPageParametize -->
</testsuite> <!-- Parametized Login -->
