<?xml version="1.0" encoding="UTF-8"?>
<!-- Generated by org.testng.reporters.JUnitXMLReporter -->
<testsuite hostname="DESKTOP-FPS6ST8" ignored="0" name="Parametized Login" tests="2" failures="0" timestamp="2021-08-10T14:51:03 GET" time="12.436" errors="0">
  <testcase name="LogInPageParametize" time="7.609" classname="TestCases.LogInParametizedDataProvider"/>
  <testcase name="LogInPageParametize" time="2.071" classname="TestCases.LogInParametizedDataProvider"/>
</testsuite> <!-- Parametized Login -->
