<?xml version="1.0" encoding="UTF-8"?>
<testsuite xmlns:xsi="http://www.w3.org/2001/XMLSchema-instance" xsi:noNamespaceSchemaLocation="https://maven.apache.org/surefire/maven-surefire-plugin/xsd/surefire-test-report-3.0.xsd" version="3.0" name="TestSuite" time="14.386" tests="4" errors="0" skipped="0" failures="0">
  <properties>
[...]
</properties>
  <testcase name="LogInPage" classname="TestCases.LogIn" time="0.317">
    <system-err><![CDATA[SLF4J: Failed to load class "org.slf4j.impl.StaticLoggerBinder".
SLF4J: Defaulting to no-operation (NOP) logger implementation
SLF4J: See http://www.slf4j.org/codes.html#StaticLoggerBinder for further details.
Starting ChromeDriver 92.0.4515.43 (8c61b7e2989f2990d42f859cac71319137787cce-refs/branch-heads/4515@{#306}) on port 43664
Only local connections are allowed.
Please see https://chromedriver.chromium.org/security-considerations for suggestions on keeping ChromeDriver safe.
Starting ChromeDriver 92.0.4515C.4h3r o(m8c61be7eD2r989ifv2e99r0 dw4a2sf 8s5t9acratecd7 131s91u3c7c7e8ss7fuclclye.-
refs/branch-heads/4515@{#306}) on pSotratrt i2ng4 C5hr7om0eD
rOinvlery  9l2oc.a0l. 4c51o5n.n4e3c t(8ci6o1ns abr7ee2 9a8l9lfo2w9e9d0.d4
2Pf8l5e9caacs7e13 19s13e7e78 7chctet-rpesfs://br/acnchh-rhoemades/d4r5i15v@{e#r3.0c6h}r) oonm piortu m15.6o5r0g/
sOencluyri tlyo-ccaoln scidoenrnaetcitoinosn fso ra rseu gaglesltoiwoends. on
 Pkleeeapsieng  sCeher omhetDtrpisv:e/r/ csharfoem.e
driver.chromium.org/security-considerations for suggestions on keeping ChromeDriver safe.
ChromeDriver was started successfully.
ChromeDriver was started successfully.
Aug 10, 2021 2:50:52 PM org.openqa.selenium.remote.ProtocolHandshake createSession
INFO: Detected dialect: W3C
Aug 10, 2021 2:50:52 PM org.openqa.selenium.remote.ProtocolHandshake createSession
INFO: Detected dialect: W3C
Aug 10, 2021 2:50:52 PM org.openqa.selenium.remote.ProtocolHandshake createSession
INFO: Detected dialect: W3C
Aug 10, 2021 2:50:52 PM org.openqa.selenium.devtools.CdpVersionFinder findNearestMatch
WARNING: Unable to find an exact match for CDP version 92, so returning the closest version found: 91
Aug 10, 2021 2:50:52 PM org.openqa.selenium.devtools.CdpVersionFinder findNearestMatch
WARNING: Unable to find an exact match for CDP version 92, so returning the closest version found: 91
Aug 10, 2021 2:50:52 PM org.openqa.selenium.devtools.CdpVersionFinder findNearestMatch
INFO: Found CDP implementation for version 92 of 91
Aug 10, 2021 2:50:52 PM org.openqa.selenium.devtools.CdpVersionFinder findNearestMatch
WARNING: Unable to find an exact match for CDP version 92, so returning the closest version found: 91
Aug 10, 2021 2:50:52 PM org.openqa.selenium.devtools.CdpVersionFinder findNearestMatch
INFO: Found CDP implementation for version 92 of 91
Aug 10, 2021 2:50:52 PM org.openqa.selenium.devtools.CdpVersionFinder findNearestMatch
INFO: Found CDP implementation for version 92 of 91
]]></system-err>
  </testcase>
  <testcase name="LogInPageParametize[tako, pass](1)" classname="TestCases.LogInParametizedDataProvider" time="0.662"/>
  <testcase name="LogInPageParametize[tako1, pass](2)" classname="TestCases.LogInParametizedDataProvider" time="2.07"/>
  <testcase name="basePageNavigation" classname="TestCases.HomePage" time="3.353"/>
</testsuite>